[    1056ms] [INFO] %cDownload the React DevTools for a better development experience: https://react.dev/link/react-devtools font-weight:bold @ http://localhost:3000/_next/static/chunks/d20f0_next_dist_2a1283e6._.js:2297
[    1234ms] [LOG] [HMR] connected @ http://localhost:3000/_next/static/chunks/d20f0_next_dist_2a1283e6._.js:2297
[    1432ms] [WARNING] Lit is in dev mode. Not recommended for production! See https://lit.dev/msg/dev-mode for more information. @ http://localhost:3000/_next/static/chunks/d20f0_next_dist_2a1283e6._.js:2297
[    1467ms] [LOG] [Fast Refresh] rebuilding @ http://localhost:3000/_next/static/chunks/d20f0_next_dist_2a1283e6._.js:2297
[    1665ms] [LOG] [Fast Refresh] done in 385ms @ http://localhost:3000/_next/static/chunks/d20f0_next_dist_2a1283e6._.js:2297
[    1842ms] [LOG] [Fast Refresh] rebuilding @ http://localhost:3000/_next/static/chunks/d20f0_next_dist_2a1283e6._.js:2297
[    1849ms] [LOG] [Fast Refresh] done in 134ms @ http://localhost:3000/_next/static/chunks/d20f0_next_dist_2a1283e6._.js:2297
[    3920ms] [LOG] {time: 1778473904374, level: 30, context: Zi, event: Object, msg: Event received} @ https://secure.walletconnect.org/assets/vendor-CFUH-IXy.js:104
[    4337ms] [INFO] [LaunchDarkly] LaunchDarkly client initialized @ https://auth.magic.link/_next/static/chunks/3b8aa5181c179c9e.js:0
[    4417ms] [LOG] {time: 1778473904873, level: 30, context: Zi, event: Object, msg: Event received} @ https://secure.walletconnect.org/assets/vendor-CFUH-IXy.js:104
[    4440ms] [LOG] {time: 1778473904896, level: 30, context: Zi, event: Object, msg: Event received} @ https://secure.walletconnect.org/assets/vendor-CFUH-IXy.js:104
[    5261ms] [LOG] {time: 1778473905716, level: 30, context: Zi, event: Object, msg: Event received} @ https://secure.walletconnect.org/assets/vendor-CFUH-IXy.js:104
[    5291ms] [LOG] {time: 1778473905746, level: 30, context: Zi, event: Object, msg: Event received} @ https://secure.walletconnect.org/assets/vendor-CFUH-IXy.js:104
[    5305ms] [INFO] Discarding cache for address solana:5eykt4UsFv8P8NJdTREpY1vzqKqZKvdp:69jpJGUS8hzmz2JJRgTAZPyWPbmvZQYQYWFnC7P7Rqyi @ http://localhost:3000/_next/static/chunks/d20f0_next_dist_2a1283e6._.js:2297
[    5335ms] [LOG] {time: 1778473905790, level: 30, context: Zi, event: Object, msg: Event received} @ https://secure.walletconnect.org/assets/vendor-CFUH-IXy.js:104
[    5337ms] [LOG] {time: 1778473905792, level: 30, context: Zi, event: Object, msg: Event received} @ https://secure.walletconnect.org/assets/vendor-CFUH-IXy.js:104
[    5367ms] [LOG] {time: 1778473905822, level: 30, context: Zi, event: Object, msg: Event received} @ https://secure.walletconnect.org/assets/vendor-CFUH-IXy.js:104
[    5396ms] [LOG] {time: 1778473905852, level: 30, context: Zi, event: Object, msg: Event received} @ https://secure.walletconnect.org/assets/vendor-CFUH-IXy.js:104
[    9478ms] [WARNING] The resource https://fonts.reown.com/KHTeka-Medium.woff2 was preloaded using link preload but not used within a few seconds from the window's load event. Please make sure it has an appropriate `as` value and it is preloaded intentionally. @ https://secure.walletconnect.org/sdk?projectId=b96f6c3dd516a2859853bca38da6aa0a&chainId=solana%3A5eykt4UsFv8P8NJdTREpY1vzqKqZKvdp&version=4&enableLogger=true&rpcUrl=https%3A%2F%2Frpc.walletconnect.org%2Fv1%2F%3FchainId%3Dsolana%253A5eykt4UsFv8P8NJdTREpY1vzqKqZKvdp%26projectId%3Db96f6c3dd516a2859853bca38da6aa0a:0
[   38537ms] [WARNING] The resource https://fonts.reown.com/KHTeka-Medium.woff2 was preloaded using link preload but not used within a few seconds from the window's load event. Please make sure it has an appropriate `as` value and it is preloaded intentionally. @ https://secure.walletconnect.org/sdk?projectId=b96f6c3dd516a2859853bca38da6aa0a&chainId=solana%3A5eykt4UsFv8P8NJdTREpY1vzqKqZKvdp&version=4&enableLogger=true&rpcUrl=https%3A%2F%2Frpc.walletconnect.org%2Fv1%2F%3FchainId%3Dsolana%253A5eykt4UsFv8P8NJdTREpY1vzqKqZKvdp%26projectId%3Db96f6c3dd516a2859853bca38da6aa0a:0
[  202316ms] [LOG] [Fast Refresh] rebuilding @ http://localhost:3000/_next/static/chunks/d20f0_next_dist_2a1283e6._.js:2297
[  202997ms] [ERROR] ./components/landing/StrategySection.tsx:281:24
Parsing ecmascript source code failed
  279 |         </div>
  280 |
> 281 |           </motion.div>
      |                        ^
> 282 |         </div>
      | ^^^^^^^^^
  283 |       </div>
  284 |     </section>
  285 |   );

Expected '</', got 'jsx text (
        )'

Import trace:
  Server Component:
    ./components/landing/StrategySection.tsx
    ./app/page.tsx @ http://localhost:3000/_next/static/chunks/d20f0_next_dist_2a1283e6._.js:3127
